<?xml version="1.0" encoding="UTF-8"?>
<testsuite name="LibraryTest" tests="2" skipped="0" failures="0" errors="0" timestamp="2018-04-06T05:36:20" hostname="Dovahkiin" time="0.045">
  <properties/>
  <testcase name="testSomeLibraryMethod" classname="LibraryTest" time="0.002"/>
  <testcase name="testGson" classname="LibraryTest" time="0.043"/>
  <system-out><![CDATA[{"uid":"yoo","email":"yohelpme@help.com","score":0.0,"houseType":0,"appliances":[]}
117911
]]></system-out>
  <system-err><![CDATA[]]></system-err>
</testsuite>
