<?xml version="1.0" encoding="UTF-8"?>
<testsuite name="LibraryTest" tests="2" skipped="0" failures="0" errors="0" timestamp="2018-03-27T20:37:08" hostname="Dovahkiin" time="0.106">
  <properties/>
  <testcase name="testSomeLibraryMethod" classname="LibraryTest" time="0.003"/>
  <testcase name="testGson" classname="LibraryTest" time="0.103"/>
  <system-out><![CDATA[{"uid":"yoo","email":"yohelpme@help.com","score":0.0,"appliances":[{"BRAND_NAME":"Woo","MODEL_NUM_1":"LP6","REC_REF_KEY":"nice"}]}
117911
]]></system-out>
  <system-err><![CDATA[]]></system-err>
</testsuite>
